[2023-06-13T19:03:01.473Z] info Illegal arguments: undefined, string undefined:undefined 
[2023-06-14T01:44:09.386Z] info User with email: luis1@gmail.com not found undefined:undefined 
[2023-06-14T01:50:19.993Z] info User with id: 3 not found undefined:undefined 
[2023-06-16T13:25:21.205Z] info You are not logged in!, Please log in to get access undefined:undefined 
[2023-06-16T13:29:30.366Z] info You are not logged in!, Please log in to get access undefined:undefined 
[2023-06-16T13:42:11.147Z] info The "original" argument must be of type function. Received undefined undefined:undefined 
[2023-06-16T13:48:08.744Z] info The "original" argument must be of type function. Received undefined undefined:undefined 
[2023-06-16T13:51:12.510Z] info Incorrect email or password undefined:undefined 
[2023-06-16T13:53:00.970Z] info The "original" argument must be of type function. Received undefined undefined:undefined 
[2023-06-16T18:42:24.171Z] info The "original" argument must be of type function. Received undefined undefined:undefined 
[2023-06-16T19:16:27.473Z] info The "original" argument must be of type function. Received undefined undefined:undefined 
[2023-06-16T19:34:44.728Z] info The "original" argument must be of type function. Received undefined undefined:undefined 
[2023-06-16T19:56:19.789Z] info The "original" argument must be of type function. Received undefined undefined:undefined 
[2023-06-18T17:42:43.038Z] info User with email: Jesus@gmail.com not found undefined:undefined 
[2023-06-18T17:55:02.020Z] info The "original" argument must be of type function. Received undefined undefined:undefined 
[2023-06-19T19:42:05.229Z] info The "original" argument must be of type function. Received undefined undefined:undefined 
[2023-06-19T19:42:31.141Z] info Cant find /api/v1/post on this server! undefined:undefined 
[2023-06-19T19:42:43.252Z] info The "original" argument must be of type function. Received undefined undefined:undefined 
[2023-06-19T19:45:16.462Z] info The "original" argument must be of type function. Received undefined undefined:undefined 
[2023-06-20T16:06:33.777Z] info You are not logged in!, Please log in to get access undefined:undefined 
[2023-06-20T16:09:32.724Z] info The "original" argument must be of type function. Received undefined undefined:undefined 
[2023-06-20T16:09:49.544Z] info The "original" argument must be of type function. Received undefined undefined:undefined 
[2023-06-20T16:09:52.566Z] info The "original" argument must be of type function. Received undefined undefined:undefined 
[2023-06-20T16:14:02.915Z] info The "original" argument must be of type function. Received undefined undefined:undefined 
[2023-06-20T16:16:28.249Z] info The "original" argument must be of type function. Received undefined undefined:undefined 
[2023-06-20T16:19:01.925Z] info err is not defined undefined:undefined 
[2023-06-20T16:23:02.237Z] info The "original" argument must be of type function. Received undefined TypeError [ERR_INVALID_ARG_TYPE]: The "original" argument must be of type function. Received undefined
[2023-06-20T16:33:18.453Z] info The "original" argument must be of type function. Received undefined TypeError [ERR_INVALID_ARG_TYPE]: The "original" argument must be of type function. Received undefined
[2023-06-20T16:33:32.584Z] info The "original" argument must be of type function. Received undefined TypeError [ERR_INVALID_ARG_TYPE]: The "original" argument must be of type function. Received undefined
[2023-06-20T16:40:32.044Z] info The "original" argument must be of type function. Received undefined TypeError [ERR_INVALID_ARG_TYPE]: The "original" argument must be of type function. Received undefined
[2023-06-20T16:41:01.329Z] info The "original" argument must be of type function. Received undefined TypeError [ERR_INVALID_ARG_TYPE]: The "original" argument must be of type function. Received undefined
[2023-06-20T16:47:35.409Z] info The "original" argument must be of type function. Received undefined TypeError [ERR_INVALID_ARG_TYPE]: The "original" argument must be of type function. Received undefined
[2023-06-20T16:47:43.251Z] info The "original" argument must be of type function. Received undefined TypeError [ERR_INVALID_ARG_TYPE]: The "original" argument must be of type function. Received undefined
[2023-06-20T16:49:03.375Z] info Post with id: 4 not found Error: Post with id: 4 not found
[2023-06-20T16:49:19.767Z] info Post with id: 3 not found Error: Post with id: 3 not found
